<?xml version="1.0" encoding="UTF-8"?>
<testng-results skipped="0" failed="0" ignored="0" total="1" passed="1">
  <reporter-output>
  </reporter-output>
  <suite name="Default suite" duration-ms="4834" started-at="2019-05-04T18:00:05Z" finished-at="2019-05-04T18:00:10Z">
    <groups>
    </groups>
    <test name="Default test" duration-ms="4834" started-at="2019-05-04T18:00:05Z" finished-at="2019-05-04T18:00:10Z">
      <class name="Test.LoginTest">
        <test-method status="PASS" signature="setUp()[pri:0, instance:Test.LoginTest@464bee09]" name="setUp" is-config="true" duration-ms="3954" started-at="2019-05-04T18:00:05Z" finished-at="2019-05-04T18:00:09Z">
          <reporter-output>
          </reporter-output>
        </test-method> <!-- setUp -->
        <test-method status="PASS" signature="login()[pri:0, instance:Test.LoginTest@464bee09]" name="login" duration-ms="672" started-at="2019-05-04T18:00:09Z" finished-at="2019-05-04T18:00:09Z">
          <reporter-output>
          </reporter-output>
        </test-method> <!-- login -->
        <test-method status="PASS" signature="tearDown()[pri:0, instance:Test.LoginTest@464bee09]" name="tearDown" is-config="true" duration-ms="157" started-at="2019-05-04T18:00:09Z" finished-at="2019-05-04T18:00:10Z">
          <reporter-output>
          </reporter-output>
        </test-method> <!-- tearDown -->
      </class> <!-- Test.LoginTest -->
    </test> <!-- Default test -->
  </suite> <!-- Default suite -->
</testng-results>
